### CustomExplorer log file, revision G-2012.06-SP1 (build 0824) ###
### created at 16:12:35 on Sat Apr 16 2016 (Linux AMD64) ###
### Host Name: linux10.engr.ucsb.edu   User ID: lshao   PID: 27049   ###
wv_start_log
# (0) running in waveview only mode
# (0) SW_SX_PERL_LIB defined
# (0) SW_SX_TCL_LIB defined
# (0) HOME defined
wv_move_window CustomWaveView 0 0
wv_resize_window CustomWaveView 800 400
wv_move_window CustomWaveView 1985 52
wv_move_window CustomWaveView 49 39
wv_resize_window CustomWaveView 1198 652
wv_move_window CustomWaveView 65 39
wv_select_toolbar_item {Import Waveform File}
wv_move_dialog FileDialog 493 46
wv_select_dialog FileDialog
wv_move_dialog FileDialog 483 36
wv_set_text FileDialog.FileName {}
wv_select_list_item FileDialog.FileList inv.sw0
wv_press_button FileDialog.Ok
wv_select_hierview_item {FILE0:D0:inv.sw0}
wv_expand_hierview_item {FILE0:D0:inv.sw0}
wv_select_hierview_item {FILE0:D0:inv.sw0}
wv_select_hierview_item {FILE0:D0:inv.sw0} {toplevel}
wv_select_sigview_item v(out)
wv_dclick_sigview_item v(out)
wv_select_sigview_item v(in)
wv_dclick_sigview_item v(in)
wv_select_sigview_item v(vdd)
wv_dclick_sigview_item v(vdd)
wv_select_sigview_item i(vvin)
wv_dclick_sigview_item i(vvin)
wv_select_sigview_item i(v1)
wv_dclick_sigview_item i(v1)
wv_resize_window CustomWaveView 1420 652
wv_resize_window CustomWaveView 1595 652
wv_move_window CustomWaveView 71 47
wv_move_window CustomWaveView 106 87
wv_move_window CustomWaveView 308 305
wv_move_window CustomWaveView 568 644
wv_move_window CustomWaveView 631 779
wv_move_window CustomWaveView 682 901
wv_move_window CustomWaveView 697 932
wv_move_window CustomWaveView 751 986
wv_move_window CustomWaveView 757 986
wv_move_window CustomWaveView 752 986
wv_move_window CustomWaveView 753 986
wv_move_window CustomWaveView 386 277
wv_move_window CustomWaveView 380 253
wv_move_window CustomWaveView 373 224
wv_move_window CustomWaveView 370 217
wv_move_window CustomWaveView 364 198
wv_move_window CustomWaveView 364 199
wv_move_window CustomWaveView 370 202
wv_move_window CustomWaveView 452 208
wv_move_window CustomWaveView 597 210
wv_move_window CustomWaveView 600 212
wv_move_window CustomWaveView 598 217
wv_move_window CustomWaveView 597 218
wv_move_window CustomWaveView 597 219
wv_move_window CustomWaveView 589 224
wv_move_window CustomWaveView 635 247
wv_move_window CustomWaveView 898 266
wv_move_window CustomWaveView 988 266
wv_move_window CustomWaveView 1311 243
wv_move_window CustomWaveView 1376 234
wv_move_window CustomWaveView 1486 217
wv_move_window CustomWaveView 1664 210
wv_move_window CustomWaveView 1690 205
wv_move_window CustomWaveView 1689 202
wv_move_window CustomWaveView 1604 181
wv_move_window CustomWaveView 1456 162
wv_move_window CustomWaveView 1065 104
wv_move_window CustomWaveView 1003 95
wv_move_window CustomWaveView 1001 95
wv_move_window CustomWaveView 1007 95
wv_move_window CustomWaveView 1028 97
wv_move_window CustomWaveView 1121 108
wv_move_window CustomWaveView 1208 118
wv_move_window CustomWaveView 1216 119
wv_move_window CustomWaveView 1217 120
wv_move_window CustomWaveView 1195 121
wv_move_window CustomWaveView 1045 107
wv_move_window CustomWaveView 988 104
wv_move_window CustomWaveView 926 101
wv_move_window CustomWaveView 867 101
wv_move_window CustomWaveView 842 101
wv_move_window CustomWaveView 833 101
wv_move_window CustomWaveView 831 101
wv_move_window CustomWaveView 830 101
wv_move_window CustomWaveView 828 102
wv_move_window CustomWaveView 812 113
wv_move_window CustomWaveView 806 117
wv_move_window CustomWaveView 804 118
wv_move_window CustomWaveView 803 118
wv_move_window CustomWaveView 802 118
wv_move_window CustomWaveView 799 118
wv_move_window CustomWaveView 798 119
wv_move_window CustomWaveView 796 120
wv_move_window CustomWaveView 793 120
wv_move_window CustomWaveView 792 122
wv_move_window CustomWaveView 791 122
wv_move_window CustomWaveView 790 123
wv_move_window CustomWaveView 803 123
wv_move_window CustomWaveView 970 123
wv_move_window CustomWaveView 1114 123
wv_move_window CustomWaveView 1226 123
wv_move_window CustomWaveView 1324 134
wv_move_window CustomWaveView 1325 135
wv_move_window CustomWaveView 1321 135
wv_move_window CustomWaveView 1303 133
wv_move_window CustomWaveView 1226 127
wv_move_window CustomWaveView 1222 125
wv_move_window CustomWaveView 1204 123
wv_move_window CustomWaveView 1177 123
wv_move_window CustomWaveView 1124 122
wv_move_window CustomWaveView 1037 121
wv_move_window CustomWaveView 965 121
wv_move_window CustomWaveView 925 121
wv_move_window CustomWaveView 923 121
wv_move_window CustomWaveView 922 120
wv_move_window CustomWaveView 906 117
wv_move_window CustomWaveView 801 101
wv_move_window CustomWaveView 766 97
wv_move_window CustomWaveView 750 93
wv_move_window CustomWaveView 749 93
wv_move_window CustomWaveView 729 93
wv_move_window CustomWaveView 612 93
wv_move_window CustomWaveView 564 90
wv_move_window CustomWaveView 521 85
wv_move_window CustomWaveView 515 85
wv_move_window CustomWaveView 496 83
wv_move_window CustomWaveView 493 83
wv_move_window CustomWaveView 491 81
wv_move_window CustomWaveView 493 78
wv_move_window CustomWaveView 508 72
wv_move_window CustomWaveView 517 69
wv_move_window CustomWaveView 516 69
wv_move_window CustomWaveView 512 70
wv_move_window CustomWaveView 510 70
wv_move_window CustomWaveView 509 71
wv_move_window CustomWaveView 508 72
wv_move_window CustomWaveView 507 70
wv_move_window CustomWaveView 507 69
wv_move_window CustomWaveView 510 68
wv_move_window CustomWaveView 522 65
wv_move_window CustomWaveView 524 65
wv_move_window CustomWaveView 522 65
wv_move_window CustomWaveView 516 64
wv_move_window CustomWaveView 515 64
wv_move_window CustomWaveView 513 64
wv_move_window CustomWaveView 511 65
wv_move_window CustomWaveView 501 71
wv_move_window CustomWaveView 464 87
wv_move_window CustomWaveView 392 101
wv_move_window CustomWaveView 364 103
wv_move_window CustomWaveView 362 103
wv_move_window CustomWaveView 352 106
wv_move_window CustomWaveView 306 122
wv_move_window CustomWaveView 288 125
wv_move_window CustomWaveView 279 125
wv_close_window CustomWaveView
wv_move_dialog Confirmation 995 356
wv_select_dialog Confirmation
wv_press_button Confirmation.Cancel
wv_select_hierview_item {FILE0:D0:inv.sw0}
wv_hierview_context_menu {FILE0:D0:inv.sw0}
wv_select_context_menu_item {Update WDF}
wv_move_dialog Confirmation 850 350
wv_select_dialog Confirmation
wv_press_button Confirmation.Ok
wv_select_wv_item WV1.PANEL4:1.LEGEND
wv_select_panel WV1.PANEL4:1.LEGEND
wv_press_key Delete
wv_move_dialog Confirmation 995 356
wv_select_dialog Confirmation
wv_press_button Confirmation.Ok
wv_select_wv_item WV1.PANEL3:1.LEGEND
wv_select_panel WV1.PANEL3:1.LEGEND
wv_press_key Delete
wv_move_dialog Confirmation 995 356
wv_select_dialog Confirmation
wv_press_button Confirmation.Ok
wv_select_wv_item WV1.PANEL2:1.LEGEND
wv_select_panel WV1.PANEL2:1.LEGEND
wv_press_key Delete
wv_move_dialog Confirmation 995 328
wv_select_dialog Confirmation
wv_press_button Confirmation.Ok
wv_select_wv_item WV1.PANEL1:1.XAXIS1
wv_select_hierview_item {FILE0:D0:inv.sw0}
wv_hierview_context_menu {FILE0:D0:inv.sw0}
wv_select_context_menu_item {Update WDF}
wv_move_dialog Confirmation 850 350
wv_select_dialog Confirmation
wv_press_button Confirmation.Ok
wv_select_hierview_item {FILE0:D0:inv.sw0} {toplevel}
wv_select_sigview_item v(uc_net_1)
wv_select_sigview_item v(uc_net_1)
wv_dclick_sigview_item v(uc_net_1)
wv_select_hierview_item {FILE0:D0:inv.sw0}
wv_hierview_context_menu {FILE0:D0:inv.sw0}
wv_select_context_menu_item {Update WDF}
wv_move_dialog Confirmation 850 350
wv_select_dialog Confirmation
wv_press_button Confirmation.Ok
wv_select_hierview_item {FILE0:D0:inv.sw0} {toplevel}
wv_expand_hierview_item {FILE0:D0:inv.sw0} {toplevel}
wv_select_hierview_item {FILE0:D0:inv.sw0} {toplevel}
wv_select_sigview_item i(vvin)
wv_dclick_sigview_item i(vvin)
wv_move_window CustomWaveView 281 126
wv_move_window CustomWaveView 307 134
wv_move_window CustomWaveView 477 164
wv_move_window CustomWaveView 847 160
wv_move_window CustomWaveView 939 151
wv_move_window CustomWaveView 1018 141
wv_move_window CustomWaveView 1108 125
wv_move_window CustomWaveView 1129 123
wv_move_window CustomWaveView 1226 102
wv_move_window CustomWaveView 1296 75
wv_move_window CustomWaveView 1322 52
wv_move_window CustomWaveView 1338 29
wv_move_window CustomWaveView 1349 27
wv_move_window CustomWaveView 1429 25
wv_move_window CustomWaveView 1443 25
wv_move_window CustomWaveView 1551 14
wv_move_window CustomWaveView 1565 14
wv_move_window CustomWaveView 1636 14
wv_move_window CustomWaveView 1720 14
wv_move_window CustomWaveView 1748 14
wv_move_window CustomWaveView 1749 14
wv_move_window CustomWaveView 1746 14
wv_move_window CustomWaveView 1745 14
wv_move_window CustomWaveView 1770 56
wv_move_window CustomWaveView 1824 68
wv_move_window CustomWaveView 1842 68
wv_move_window CustomWaveView 1846 55
wv_move_window CustomWaveView 1846 54
wv_move_window CustomWaveView 1845 29
wv_move_window CustomWaveView 1845 14
wv_move_window CustomWaveView 1846 14
wv_move_window CustomWaveView 1841 14
wv_move_window CustomWaveView 1842 14
wv_move_window CustomWaveView 1865 569
wv_move_window CustomWaveView 1870 569
wv_move_window CustomWaveView 1920 551
wv_move_window CustomWaveView 1975 498
wv_move_window CustomWaveView 2018 464
wv_move_window CustomWaveView 1958 306
wv_move_window CustomWaveView 1955 297
wv_move_window CustomWaveView 1944 250
wv_move_window CustomWaveView 1934 224
wv_move_window CustomWaveView 1934 219
wv_move_window CustomWaveView 1934 217
wv_move_window CustomWaveView 1933 214
wv_move_window CustomWaveView 1929 200
wv_move_window CustomWaveView 1929 185
wv_move_window CustomWaveView 1939 168
wv_move_window CustomWaveView 1944 163
wv_move_window CustomWaveView 1970 139
wv_move_window CustomWaveView 1989 126
wv_move_window CustomWaveView 2006 120
wv_move_window CustomWaveView 2015 111
wv_move_window CustomWaveView 2017 107
wv_move_window CustomWaveView 2017 106
wv_move_window CustomWaveView 2017 104
wv_move_window CustomWaveView 2014 102
wv_select_sigview_item i(v1)
wv_dclick_sigview_item i(v1)
wv_select_wv_item WV1.PANEL5:1.LEGEND
wv_select_panel WV1.PANEL5:1.LEGEND
wv_press_key Delete
wv_move_dialog Confirmation 2730 333
wv_select_dialog Confirmation
wv_press_button Confirmation.Ok
wv_select_toolbar_item {New WaveView}
wv_select_sigview_item i(v1)
wv_dclick_sigview_item i(v1)
wv_select_toolbar_item {New WaveView}
wv_select_sigview_item i(vvin)
wv_dclick_sigview_item i(vvin)
wv_move_window CustomWaveView 2004 102
wv_move_window CustomWaveView 1935 102
wv_move_window CustomWaveView 1912 102
wv_move_window CustomWaveView 1910 102
wv_move_window CustomWaveView 1906 101
wv_move_window CustomWaveView 1896 99
wv_move_window CustomWaveView 1892 98
wv_move_window CustomWaveView 1887 98
wv_move_window CustomWaveView 1886 97
wv_move_window CustomWaveView 1884 95
wv_move_window CustomWaveView 1849 83
wv_move_window CustomWaveView 1803 76
wv_move_window CustomWaveView 1761 72
wv_move_window CustomWaveView 1740 68
wv_move_window CustomWaveView 1736 67
wv_move_window CustomWaveView 1732 67
wv_move_window CustomWaveView 1722 63
wv_move_window CustomWaveView 1705 59
wv_move_window CustomWaveView 1697 56
wv_move_window CustomWaveView 1686 51
wv_move_window CustomWaveView 1680 48
wv_move_window CustomWaveView 1663 38
wv_move_window CustomWaveView 1651 34
wv_move_window CustomWaveView 1579 31
wv_move_window CustomWaveView 1531 31
wv_move_window CustomWaveView 1494 31
wv_move_window CustomWaveView 1483 34
wv_move_window CustomWaveView 1478 37
wv_move_window CustomWaveView 1476 37
wv_move_window CustomWaveView 1478 37
wv_move_window CustomWaveView 1493 42
wv_move_window CustomWaveView 1543 44
wv_move_window CustomWaveView 1555 44
wv_move_window CustomWaveView 1561 44
wv_move_window CustomWaveView 1582 37
wv_move_window CustomWaveView 1586 36
wv_move_window CustomWaveView 1651 35
wv_move_window CustomWaveView 1681 34
wv_move_window CustomWaveView 1692 29
wv_move_window CustomWaveView 1697 28
wv_move_window CustomWaveView 1723 28
wv_move_window CustomWaveView 1908 36
wv_move_window CustomWaveView 2041 36
wv_move_window CustomWaveView 2083 40
wv_move_window CustomWaveView 2084 40
wv_move_window CustomWaveView 2084 42
wv_move_window CustomWaveView 2084 52
wv_move_window CustomWaveView 2084 54
wv_move_window CustomWaveView 2077 62
wv_move_window CustomWaveView 1987 89
wv_move_window CustomWaveView 1920 105
wv_move_window CustomWaveView 1880 116
wv_move_window CustomWaveView 1871 117
wv_move_window CustomWaveView 1871 120
wv_move_window CustomWaveView 1886 142
wv_move_window CustomWaveView 1887 142
wv_move_window CustomWaveView 1898 144
wv_move_window CustomWaveView 1899 144
wv_move_window CustomWaveView 1914 146
wv_move_window CustomWaveView 1922 146
wv_move_window CustomWaveView 1923 146
wv_move_window CustomWaveView 1926 146
wv_move_window CustomWaveView 1927 146
wv_move_window CustomWaveView 1928 146
wv_move_window CustomWaveView 1932 146
wv_move_window CustomWaveView 1936 146
wv_move_window CustomWaveView 1937 146
wv_move_window CustomWaveView 1938 146
wv_move_window CustomWaveView 1941 146
wv_move_window CustomWaveView 1946 152
wv_move_window CustomWaveView 1949 157
wv_move_window CustomWaveView 1950 158
wv_move_window CustomWaveView 1950 161
wv_move_window CustomWaveView 1952 167
wv_move_window CustomWaveView 1953 168
wv_move_window CustomWaveView 1953 174
wv_move_window CustomWaveView 1955 183
wv_move_window CustomWaveView 1955 195
wv_move_window CustomWaveView 1955 199
wv_move_window CustomWaveView 1955 201
wv_move_window CustomWaveView 1960 218
wv_move_window CustomWaveView 1967 226
wv_move_window CustomWaveView 1986 235
wv_move_window CustomWaveView 2005 238
wv_move_window CustomWaveView 2012 240
wv_move_window CustomWaveView 2014 240
wv_move_window CustomWaveView 2015 240
wv_move_window CustomWaveView 2015 238
wv_move_window CustomWaveView 2017 238
wv_move_window CustomWaveView 2026 408
wv_move_window CustomWaveView 2026 435
wv_move_window CustomWaveView 2018 474
wv_move_window CustomWaveView 2000 538
wv_move_window CustomWaveView 1995 566
wv_move_window CustomWaveView 1995 568
wv_move_window CustomWaveView 1984 593
wv_move_window CustomWaveView 1956 626
wv_move_window CustomWaveView 1939 638
wv_move_window CustomWaveView 1936 639
wv_move_window CustomWaveView 1934 636
wv_move_window CustomWaveView 1930 619
wv_move_window CustomWaveView 1917 473
wv_move_window CustomWaveView 1932 351
wv_move_window CustomWaveView 1940 211
wv_move_window CustomWaveView 1940 190
wv_move_window CustomWaveView 1942 187
wv_move_window CustomWaveView 1948 189
wv_move_window CustomWaveView 1962 211
wv_move_window CustomWaveView 1967 218
wv_move_window CustomWaveView 1969 218
wv_move_window CustomWaveView 1974 204
wv_move_window CustomWaveView 1975 182
wv_move_window CustomWaveView 1975 84
wv_move_window CustomWaveView 1975 14
wv_move_window CustomWaveView 2095 440
wv_move_window CustomWaveView 2092 428
wv_move_window CustomWaveView 2039 359
wv_move_window CustomWaveView 2010 116
wv_move_window CustomWaveView 2012 105
wv_move_window CustomWaveView 2014 73
wv_move_window CustomWaveView 2008 49
wv_move_window CustomWaveView 1995 33
wv_move_window CustomWaveView 1992 28
wv_move_window CustomWaveView 1989 26
wv_move_window CustomWaveView 1987 26
wv_move_window CustomWaveView 1985 26
wv_move_window CustomWaveView 1983 26
wv_move_window CustomWaveView 1983 27
wv_move_window CustomWaveView 1983 43
wv_move_window CustomWaveView 1804 217
wv_move_window CustomWaveView 1644 272
wv_move_window CustomWaveView 1176 264
wv_move_window CustomWaveView 963 252
wv_move_window CustomWaveView 850 252
wv_move_window CustomWaveView 829 251
wv_move_window CustomWaveView 823 249
wv_move_window CustomWaveView 829 245
wv_move_window CustomWaveView 830 245
wv_move_window CustomWaveView 833 243
wv_move_window CustomWaveView 833 242
wv_move_window CustomWaveView 836 241
wv_move_window CustomWaveView 839 241
wv_move_window CustomWaveView 846 243
wv_move_window CustomWaveView 871 248
wv_move_window CustomWaveView 955 252
wv_move_window CustomWaveView 997 248
wv_resize_window CustomWaveView 1594 652
wv_resize_window CustomWaveView 1391 652
wv_resize_window CustomWaveView 913 652
wv_move_window CustomWaveView 999 251
wv_move_window CustomWaveView 1104 279
wv_move_window CustomWaveView 1125 282
wv_move_window CustomWaveView 1310 281
wv_move_window CustomWaveView 1519 272
wv_move_window CustomWaveView 1718 252
wv_move_window CustomWaveView 1827 241
wv_move_window CustomWaveView 1858 237
wv_move_window CustomWaveView 1925 220
wv_move_window CustomWaveView 1939 213
wv_move_window CustomWaveView 1948 208
wv_move_window CustomWaveView 1964 198
wv_move_window CustomWaveView 1990 182
wv_move_window CustomWaveView 2012 171
wv_move_window CustomWaveView 2018 166
wv_move_window CustomWaveView 2020 161
wv_move_window CustomWaveView 2021 156
wv_move_window CustomWaveView 2028 143
wv_move_window CustomWaveView 2028 135
wv_move_window CustomWaveView 2032 116
wv_move_window CustomWaveView 2032 114
wv_move_window CustomWaveView 2034 107
wv_move_window CustomWaveView 2034 103
wv_move_window CustomWaveView 2035 95
wv_move_window CustomWaveView 2035 93
wv_move_window CustomWaveView 2035 91
wv_move_window CustomWaveView 2038 83
wv_move_window CustomWaveView 2043 65
wv_move_window CustomWaveView 2044 60
wv_move_window CustomWaveView 2044 59
wv_move_window CustomWaveView 2049 76
wv_move_window CustomWaveView 2085 329
wv_move_window CustomWaveView 2051 461
wv_move_window CustomWaveView 1986 594
wv_move_window CustomWaveView 1942 691
wv_move_window CustomWaveView 1941 693
wv_move_window CustomWaveView 1941 697
wv_move_window CustomWaveView 1941 698
wv_move_window CustomWaveView 1943 697
wv_move_window CustomWaveView 1948 696
wv_move_window CustomWaveView 1950 693
wv_move_window CustomWaveView 1950 690
wv_move_window CustomWaveView 1951 690
wv_move_window CustomWaveView 1969 690
wv_move_window CustomWaveView 2032 690
wv_move_window CustomWaveView 2035 692
wv_move_window CustomWaveView 2035 691
wv_move_window CustomWaveView 2045 644
wv_move_window CustomWaveView 2051 532
wv_move_window CustomWaveView 2053 531
wv_move_window CustomWaveView 2099 501
wv_move_window CustomWaveView 2374 279
wv_move_window CustomWaveView 2416 208
wv_move_window CustomWaveView 2412 158
wv_move_window CustomWaveView 2398 136
wv_move_window CustomWaveView 2377 125
wv_move_window CustomWaveView 2352 120
wv_move_window CustomWaveView 2340 120
wv_move_window CustomWaveView 2334 120
wv_move_window CustomWaveView 2319 133
wv_move_window CustomWaveView 2318 134
wv_move_window CustomWaveView 2317 136
wv_move_window CustomWaveView 2316 137
wv_move_window CustomWaveView 2259 134
wv_move_window CustomWaveView 2149 131
wv_move_window CustomWaveView 2083 144
wv_move_window CustomWaveView 2082 145
wv_move_window CustomWaveView 2082 154
wv_move_window CustomWaveView 2092 219
wv_move_window CustomWaveView 2090 396
wv_move_window CustomWaveView 2097 425
wv_move_window CustomWaveView 2113 511
wv_move_window CustomWaveView 2115 550
wv_move_window CustomWaveView 2120 602
wv_move_window CustomWaveView 2122 622
wv_move_window CustomWaveView 2128 655
wv_move_window CustomWaveView 2128 656
wv_move_window CustomWaveView 2129 657
wv_move_window CustomWaveView 2130 659
wv_move_window CustomWaveView 2131 660
wv_move_window CustomWaveView 2131 659
wv_move_window CustomWaveView 2131 658
wv_move_window CustomWaveView 2132 657
wv_move_window CustomWaveView 2132 656
wv_move_window CustomWaveView 2132 655
wv_move_window CustomWaveView 2132 654
wv_move_window CustomWaveView 2132 653
wv_move_window CustomWaveView 2131 651
wv_move_window CustomWaveView 2130 647
wv_move_window CustomWaveView 2130 646
wv_move_window CustomWaveView 2130 645
wv_move_window CustomWaveView 2128 643
wv_move_window CustomWaveView 2122 640
wv_move_window CustomWaveView 2120 639
wv_move_window CustomWaveView 2118 639
wv_move_window CustomWaveView 2116 638
wv_move_window CustomWaveView 2115 637
wv_move_window CustomWaveView 2107 620
wv_move_window CustomWaveView 2106 617
wv_move_window CustomWaveView 2104 612
wv_move_window CustomWaveView 2102 606
wv_move_window CustomWaveView 2099 594
wv_move_window CustomWaveView 2097 586
wv_move_window CustomWaveView 2097 577
wv_move_window CustomWaveView 2098 575
wv_move_window CustomWaveView 2097 575
wv_move_window CustomWaveView 2096 575
wv_move_window CustomWaveView 2094 575
wv_move_window CustomWaveView 2091 575
wv_move_window CustomWaveView 2085 576
wv_move_window CustomWaveView 2085 577
wv_move_window CustomWaveView 2084 577
wv_move_window CustomWaveView 2082 577
wv_move_window CustomWaveView 2087 581
wv_move_window CustomWaveView 2138 547
wv_move_window CustomWaveView 2161 515
wv_move_window CustomWaveView 2173 462
wv_move_window CustomWaveView 2168 408
wv_move_window CustomWaveView 2159 374
wv_move_window CustomWaveView 2159 323
wv_move_window CustomWaveView 2161 303
wv_move_window CustomWaveView 2161 299
wv_move_window CustomWaveView 2161 297
wv_move_window CustomWaveView 2162 297
wv_move_window CustomWaveView 2162 296
wv_move_window CustomWaveView 2165 295
wv_move_window CustomWaveView 2202 308
wv_move_window CustomWaveView 2252 332
wv_move_window CustomWaveView 2303 367
wv_move_window CustomWaveView 2308 375
wv_move_window CustomWaveView 2311 382
wv_move_window CustomWaveView 2315 402
wv_move_window CustomWaveView 2319 438
wv_move_window CustomWaveView 2320 444
wv_move_window CustomWaveView 2321 445
wv_move_window CustomWaveView 2326 445
wv_move_window CustomWaveView 2326 428
wv_move_window CustomWaveView 2306 371
wv_move_window CustomWaveView 2301 359
wv_move_window CustomWaveView 2278 327
wv_move_window CustomWaveView 2269 319
wv_move_window CustomWaveView 2266 314
wv_move_window CustomWaveView 2257 299
wv_move_window CustomWaveView 2254 293
wv_move_window CustomWaveView 2253 291
wv_move_window CustomWaveView 2255 293
wv_move_window CustomWaveView 2270 307
wv_move_window CustomWaveView 2294 321
wv_move_window CustomWaveView 2308 331
wv_move_window CustomWaveView 2324 374
wv_move_window CustomWaveView 2324 376
wv_move_window CustomWaveView 2318 392
wv_move_window CustomWaveView 2308 405
wv_move_window CustomWaveView 2306 407
wv_move_window CustomWaveView 2305 407
wv_move_window CustomWaveView 2301 405
wv_move_window CustomWaveView 2301 404
wv_move_window CustomWaveView 2301 403
wv_move_window CustomWaveView 2302 402
wv_move_window CustomWaveView 2303 402
wv_move_window CustomWaveView 2304 400
wv_move_window CustomWaveView 2305 400
wv_move_window CustomWaveView 2305 398
wv_move_window CustomWaveView 2305 397
wv_move_window CustomWaveView 2305 395
wv_move_window CustomWaveView 2304 395
wv_select_hierview_item {FILE0:D0:inv.sw0}
wv_hierview_context_menu {FILE0:D0:inv.sw0}
wv_select_context_menu_item {Update WDF}
wv_move_dialog Confirmation 2534 620
wv_select_dialog Confirmation
wv_press_button Confirmation.Ok
wv_move_window CustomWaveView 2302 395
wv_move_window CustomWaveView 2289 391
wv_move_window CustomWaveView 2266 373
wv_move_window CustomWaveView 2231 341
wv_move_window CustomWaveView 2216 300
wv_move_window CustomWaveView 2169 227
wv_move_window CustomWaveView 2163 220
wv_move_window CustomWaveView 2160 216
wv_move_window CustomWaveView 2154 212
wv_move_window CustomWaveView 2151 205
wv_move_window CustomWaveView 2127 161
wv_move_window CustomWaveView 2124 156
wv_move_window CustomWaveView 2123 155
wv_move_window CustomWaveView 2121 155
wv_select_waveview 2
wv_select_waveview 3
wv_select_waveview 1
wv_select_hierview_item {FILE0:D0:inv.sw0} {toplevel}
wv_select_sigview_item i(vvin1)
wv_dclick_sigview_item i(vvin1)
wv_select_toolbar_item {Import Waveform File}
wv_move_dialog FileDialog 483 64
wv_select_dialog FileDialog
wv_set_text FileDialog.FileName {inv.sw0}
wv_horz_scroll FileDialog.FileList 284
wv_select_list_item FileDialog.FileList test.sp
wv_select_list_item FileDialog.FileList test.sw0
wv_horz_scroll FileDialog.FileList 298
wv_press_button FileDialog.Ok
wv_select_toolbar_item {New WaveView}
wv_expand_hierview_item {FILE1:D0:test.sw0}
wv_select_hierview_item {FILE1:D0:test.sw0}
wv_select_hierview_item {FILE1:D0:test.sw0} {toplevel}
wv_select_sigview_item i(v_1)
wv_dclick_sigview_item i(v_1)
wv_select_sigview_item i(v_2)
wv_dclick_sigview_item i(v_2)
wv_select_sigview_item i(v_3)
wv_dclick_sigview_item i(v_3)
wv_resize_window CustomWaveView 913 660
wv_resize_window CustomWaveView 913 779
wv_resize_window CustomWaveView 913 788
wv_resize_window CustomWaveView 913 808
wv_resize_window CustomWaveView 913 811
wv_resize_window CustomWaveView 913 812
wv_select_wv_item WV4.PANEL2:1.LEGEND
wv_select_panel WV4.PANEL2:1.LEGEND
wv_select_wv_item WV4.PANEL1:1.LEGEND
wv_select_panel WV4.PANEL1:1.LEGEND
wv_press_key Delete
wv_move_dialog Confirmation 2496 439
wv_select_dialog Confirmation
wv_press_button Confirmation.Ok
wv_select_panel WV4.PANEL1:1 0.218634 -0.000966019
wv_select_wv_item WV4.ICON.monitor
wv_release_wv_item WV4 90 11
wv_move_dialog MonitorSettings 2401 254
wv_select_dialog MonitorSettings
wv_press_button MonitorSettings.Cancel
wv_select_wv_item {WV4.ICON.add cursor}
wv_release_wv_item WV4 83 11
wv_select_wv_item WV4.PANEL1:1.CURSOR1
wv_drag_item_to WV4 393 280
wv_move_wv_item WV4.PANEL1:1.CURSOR1 606 354
wv_select_hierview_item {FILE1:D0:test.sw0}
wv_hierview_context_menu {FILE1:D0:test.sw0}
wv_select_context_menu_item {Update WDF}
wv_move_dialog Confirmation 2348 433
wv_select_dialog Confirmation
wv_press_button Confirmation.Ok
wv_hierview_context_menu {FILE1:D0:test.sw0}
wv_select_context_menu_item {Update WDF}
wv_move_dialog Confirmation 2348 433
wv_select_dialog Confirmation
wv_press_button Confirmation.Ok
wv_close_window CustomWaveView
wv_move_dialog Confirmation 2496 439
wv_select_dialog Confirmation
# wv_press_button Confirmation.Ok
