\o Program:		@(#)$CDS: libManager version 6.1.5 - CAT32 01/17/2013 12:49 (cat91amd) $
\o Sub version:		sub-version  s012 
\o Arguments:		-unmapped -mpssession virtuoso31560 -mpshost linux10.engr.ucsb.edu 
\o Working Directory:	linux10.engr.ucsb.edu:/fs/student/lshao/VLSI/ECE224/work
\o Qt version: 		4.5.3
\o changeWorkingDir("/fs/student/lshao/VLSI/ECE224/work") unnecessary.
\o ddSetForcedLib("") unnecessary.
\o Log file is "/fs/student/lshao/VLSI/ECE224/work/libManager.log".
\o Opening libManager window.
\a nrSetWindowVisibility(cdsLibManager "show")
\o MPS service: map window
\a nrSetCurrentWindow(cdsLibManager)
\o Library Manager customization server connected.
\w Warning: LIB analogLib from File /fs/student/lshao/VLSI/ECE224/work/cds.lib Line 10 redefines
\w LIB analogLib from File /fs/ece/cadence/IC616/tools.lnx86/dfII/etc/cdsDotLibs/artist/cds.lib
\w Insert UNDEFINE analogLib
\w before DEFINE analogLib
\w     in /fs/student/lshao/VLSI/ECE224/work/cds.lib
\w Or remove or comment out DEFINE analogLib
\w     in /fs/ece/cadence/IC616/tools.lnx86/dfII/etc/cdsDotLibs/artist/cds.lib
\w to suppress this warning message.
\w Warning: LIB basic from File /fs/student/lshao/VLSI/ECE224/work/cds.lib Line 12 redefines
\w LIB basic from File /fs/ece/cadence/IC616/tools.lnx86/dfII/etc/cdsDotLibs/composer/cds.lib
\w Insert UNDEFINE basic
\w before DEFINE basic
\w     in /fs/student/lshao/VLSI/ECE224/work/cds.lib
\w Or remove or comment out DEFINE basic
\w     in /fs/ece/cadence/IC616/tools.lnx86/dfII/etc/cdsDotLibs/composer/cds.lib
\w to suppress this warning message.
\w Warning: LIB US_8ths from File /fs/student/lshao/VLSI/ECE224/work/cds.lib Line 14 redefines
\w LIB US_8ths from File /fs/ece/cadence/IC616/tools.lnx86/dfII/etc/cdsDotLibs/composer/cds.lib
\w Insert UNDEFINE US_8ths
\w before DEFINE US_8ths
\w     in /fs/student/lshao/VLSI/ECE224/work/cds.lib
\w Or remove or comment out DEFINE US_8ths
\w     in /fs/ece/cadence/IC616/tools.lnx86/dfII/etc/cdsDotLibs/composer/cds.lib
\w to suppress this warning message.
\w Warning: ddUpdateLibList: It appears that you are trying to run an OA executable on CDB data. Library 'OSU_stdcells_ami05' contains file '/fs/ece/tech/osu_soc_2.7/cadence/lib/ami05/OSU_stdcells_ami05/prop.xx' which is CDB data. If this is an OA library, this file needs to be removed. If this is a CDB library, use cdb2oa to convert your data from CDB to OA and then try again.
\w Warning: ddUpdateLibList: It appears that you are trying to run an OA executable on CDB data. Library 'MOSIS_Layout_Test' contains file '/fs/ece/tech/ncsu-cdk-1.5.1/lib/MOSIS_Layout_Test/prop.xx' which is CDB data. If this is an OA library, this file needs to be removed. If this is a CDB library, use cdb2oa to convert your data from CDB to OA and then try again.
\a nrResizeWindow(cdsLibManager list(796 378 1114 664))
\a nrSetCurrentWindow(cdsLibManager)
\a nrResizeWindow(cdsLibManager list(214 194 1114 664))
\a nrResizeWindow(cdsLibManager list(112 73 1114 664))
\a nrResizeWindow(cdsLibManager list(37 14 1114 664))
\a nrResizeWindow(cdsLibManager list(55 -14 1855 1056))
\a nrResizeWindow(cdsLibManager list(232 87 1114 664))
\a nrResizeWindow(cdsLibManager list(146 49 1114 664))
\a nrResizeWindow(cdsLibManager list(71 16 1114 664))
\a cdsLibManager->libListBox->value = "test"
\a cdsLibManager->libLineEdit->value = "test"
\a cdsLibManager->cellListBox->value = "TxApril17th"
\a cdsLibManager->viewListBox->value = "schematic"
\a cdsLibManager->viewLineEdit->value = "schematic"
\a cdsLibManager->cellListBox->value = nil
\a cdsLibManager->viewLineEdit->value = ""
\a cdsLibManager->viewListBox->value = nil
\a nrListItemAction(cdsLibManager->cellListBox 0 0)
\a cdsLibManager->cellListBox->value = "TxApril17th"
\a cdsLibManager->viewListBox->value = "schematic"
\a cdsLibManager->viewLineEdit->value = "schematic"
\a cdsLibManager->viewLineEdit->value = ""
\a cdsLibManager->viewListBox->value = nil
\o MPS request: edit design
\a cdsLibManager->libListBox->value = nil
\a cdsLibManager->cellListBox->value = nil
\a cdsLibManager->libLineEdit->value = ""
\w Warning: LIB analogLib from File /fs/student/lshao/VLSI/ECE224/work/cds.lib Line 10 redefines
\w LIB analogLib from File /fs/ece/cadence/IC616/tools.lnx86/dfII/etc/cdsDotLibs/artist/cds.lib
\w Insert UNDEFINE analogLib
\w before DEFINE analogLib
\w     in /fs/student/lshao/VLSI/ECE224/work/cds.lib
\w Or remove or comment out DEFINE analogLib
\w     in /fs/ece/cadence/IC616/tools.lnx86/dfII/etc/cdsDotLibs/artist/cds.lib
\w to suppress this warning message.
\w Warning: LIB basic from File /fs/student/lshao/VLSI/ECE224/work/cds.lib Line 12 redefines
\w LIB basic from File /fs/ece/cadence/IC616/tools.lnx86/dfII/etc/cdsDotLibs/composer/cds.lib
\w Insert UNDEFINE basic
\w before DEFINE basic
\w     in /fs/student/lshao/VLSI/ECE224/work/cds.lib
\w Or remove or comment out DEFINE basic
\w     in /fs/ece/cadence/IC616/tools.lnx86/dfII/etc/cdsDotLibs/composer/cds.lib
\w to suppress this warning message.
\w Warning: LIB US_8ths from File /fs/student/lshao/VLSI/ECE224/work/cds.lib Line 14 redefines
\w LIB US_8ths from File /fs/ece/cadence/IC616/tools.lnx86/dfII/etc/cdsDotLibs/composer/cds.lib
\w Insert UNDEFINE US_8ths
\w before DEFINE US_8ths
\w     in /fs/student/lshao/VLSI/ECE224/work/cds.lib
\w Or remove or comment out DEFINE US_8ths
\w     in /fs/ece/cadence/IC616/tools.lnx86/dfII/etc/cdsDotLibs/composer/cds.lib
\w to suppress this warning message.
\w Warning: ddUpdateLibList: It appears that you are trying to run an OA executable on CDB data. Library 'OSU_stdcells_ami05' contains file '/fs/ece/tech/osu_soc_2.7/cadence/lib/ami05/OSU_stdcells_ami05/prop.xx' which is CDB data. If this is an OA library, this file needs to be removed. If this is a CDB library, use cdb2oa to convert your data from CDB to OA and then try again.
\w Warning: ddUpdateLibList: It appears that you are trying to run an OA executable on CDB data. Library 'MOSIS_Layout_Test' contains file '/fs/ece/tech/ncsu-cdk-1.5.1/lib/MOSIS_Layout_Test/prop.xx' which is CDB data. If this is an OA library, this file needs to be removed. If this is a CDB library, use cdb2oa to convert your data from CDB to OA and then try again.
\a cdsLibManager->libListBox->value = "test"
\a cdsLibManager->libLineEdit->value = "test"
\a cdsLibManager->cellListBox->value = "TxApril17th"
\a cdsLibManager->viewListBox->value = "schematic"
\a cdsLibManager->viewLineEdit->value = "schematic"
\a cdsLibManager->viewLineEdit->value = ""
\a cdsLibManager->viewListBox->value = nil
\a cdsLibManager->viewListBox->value = "schematic"
\a cdsLibManager->viewLineEdit->value = "schematic"
\a cdsLibManager->cellLineEdit->value = "TxApril17th"
